# JRE version: OpenJDK Runtime Environment (8.0_202) (build 1.8.0_202-release-1483-b49-5587405)
# Java VM: OpenJDK 64-Bit Server VM (25.202-b49-5587405 mixed mode linux-amd64 compressed oops)
Heap:
 PSYoungGen      total 438272K, used 438254K [0x00000000e0000000, 0x0000000100000000, 0x0000000100000000)
  eden space 352256K, 100% used [0x00000000e0000000,0x00000000f5800000,0x00000000f5800000)
  from space 86016K, 99% used [0x00000000f5800000,0x00000000fabfbbd8,0x00000000fac00000)
  to   space 86016K, 40% used [0x00000000fac00000,0x00000000fcdeed58,0x0000000100000000)
 ParOldGen       total 249344K, used 195052K [0x00000000a0000000, 0x00000000af380000, 0x00000000e0000000)
  object space 249344K, 78% used [0x00000000a0000000,0x00000000abe7b310,0x00000000af380000)
 Metaspace       used 98901K, capacity 104052K, committed 104104K, reserved 1140736K
  class space    used 12450K, capacity 13460K, committed 13480K, reserved 1048576K
GC Heap History (10 events):
Event: 2259.054 GC heap after
Heap after GC invocations=59 (full 4):
 PSYoungGen      total 470016K, used 41671K [0x00000000e0000000, 0x0000000100000000, 0x0000000100000000)
  eden space 428032K, 0% used [0x00000000e0000000,0x00000000e0000000,0x00000000fa200000)
  from space 41984K, 99% used [0x00000000fa200000,0x00000000fcab1f28,0x00000000fcb00000)
  to   space 52736K, 0% used [0x00000000fcc80000,0x00000000fcc80000,0x0000000100000000)
 ParOldGen       total 249344K, used 160199K [0x00000000a0000000, 0x00000000af380000, 0x00000000e0000000)
  object space 249344K, 64% used [0x00000000a0000000,0x00000000a9c71cb8,0x00000000af380000)
 Metaspace       used 89524K, capacity 94104K, committed 94376K, reserved 1130496K
  class space    used 11505K, capacity 12346K, committed 12456K, reserved 1048576K
}
Event: 2259.950 GC heap before
{Heap before GC invocations=60 (full 4):
 PSYoungGen      total 470016K, used 469703K [0x00000000e0000000, 0x0000000100000000, 0x0000000100000000)
  eden space 428032K, 100% used [0x00000000e0000000,0x00000000fa200000,0x00000000fa200000)
  from space 41984K, 99% used [0x00000000fa200000,0x00000000fcab1f28,0x00000000fcb00000)
  to   space 52736K, 0% used [0x00000000fcc80000,0x00000000fcc80000,0x0000000100000000)
 ParOldGen       total 249344K, used 160199K [0x00000000a0000000, 0x00000000af380000, 0x00000000e0000000)
  object space 249344K, 64% used [0x00000000a0000000,0x00000000a9c71cb8,0x00000000af380000)
 Metaspace       used 89530K, capacity 94104K, committed 94376K, reserved 1130496K
  class space    used 11505K, capacity 12346K, committed 12456K, reserved 1048576K
Event: 2260.080 GC heap after
Heap after GC invocations=60 (full 4):
 PSYoungGen      total 445952K, used 52712K [0x00000000e0000000, 0x0000000100000000, 0x0000000100000000)
  eden space 393216K, 0% used [0x00000000e0000000,0x00000000e0000000,0x00000000f8000000)
  from space 52736K, 99% used [0x00000000fcc80000,0x00000000ffffa228,0x0000000100000000)
  to   space 65536K, 0% used [0x00000000f8000000,0x00000000f8000000,0x00000000fc000000)
 ParOldGen       total 249344K, used 173989K [0x00000000a0000000, 0x00000000af380000, 0x00000000e0000000)
  object space 249344K, 69% used [0x00000000a0000000,0x00000000aa9e96a0,0x00000000af380000)
 Metaspace       used 89530K, capacity 94104K, committed 94376K, reserved 1130496K
  class space    used 11505K, capacity 12346K, committed 12456K, reserved 1048576K
}
Event: 3553.004 GC heap before
{Heap before GC invocations=61 (full 4):
 PSYoungGen      total 445952K, used 445928K [0x00000000e0000000, 0x0000000100000000, 0x0000000100000000)
  eden space 393216K, 100% used [0x00000000e0000000,0x00000000f8000000,0x00000000f8000000)
  from space 52736K, 99% used [0x00000000fcc80000,0x00000000ffffa228,0x0000000100000000)
  to   space 65536K, 0% used [0x00000000f8000000,0x00000000f8000000,0x00000000fc000000)
 ParOldGen       total 249344K, used 173989K [0x00000000a0000000, 0x00000000af380000, 0x00000000e0000000)
  object space 249344K, 69% used [0x00000000a0000000,0x00000000aa9e96a0,0x00000000af380000)
 Metaspace       used 90109K, capacity 94726K, committed 94888K, reserved 1132544K
  class space    used 11567K, capacity 12453K, committed 12456K, reserved 1048576K
Event: 3553.193 GC heap after
Heap after GC invocations=61 (full 4):
 PSYoungGen      total 456704K, used 63092K [0x00000000e0000000, 0x0000000100000000, 0x0000000100000000)
  eden space 393216K, 0% used [0x00000000e0000000,0x00000000e0000000,0x00000000f8000000)
  from space 63488K, 99% used [0x00000000f8000000,0x00000000fbd9d1a0,0x00000000fbe00000)
  to   space 67584K, 0% used [0x00000000fbe00000,0x00000000fbe00000,0x0000000100000000)
 ParOldGen       total 249344K, used 174029K [0x00000000a0000000, 0x00000000af380000, 0x00000000e0000000)
  object space 249344K, 69% used [0x00000000a0000000,0x00000000aa9f36a0,0x00000000af380000)
 Metaspace       used 90109K, capacity 94726K, committed 94888K, reserved 1132544K
  class space    used 11567K, capacity 12453K, committed 12456K, reserved 1048576K
}
Event: 3558.631 GC heap before
{Heap before GC invocations=62 (full 4):
 PSYoungGen      total 456704K, used 456308K [0x00000000e0000000, 0x0000000100000000, 0x0000000100000000)
  eden space 393216K, 100% used [0x00000000e0000000,0x00000000f8000000,0x00000000f8000000)
  from space 63488K, 99% used [0x00000000f8000000,0x00000000fbd9d1a0,0x00000000fbe00000)
  to   space 67584K, 0% used [0x00000000fbe00000,0x00000000fbe00000,0x0000000100000000)
 ParOldGen       total 249344K, used 174029K [0x00000000a0000000, 0x00000000af380000, 0x00000000e0000000)
  object space 249344K, 69% used [0x00000000a0000000,0x00000000aa9f36a0,0x00000000af380000)
 Metaspace       used 97522K, capacity 102258K, committed 102696K, reserved 1138688K
  class space    used 12330K, capacity 13251K, committed 13352K, reserved 1048576K
Event: 3558.759 GC heap after
Heap after GC invocations=62 (full 4):
 PSYoungGen      total 419840K, used 67563K [0x00000000e0000000, 0x0000000100000000, 0x0000000100000000)
  eden space 352256K, 0% used [0x00000000e0000000,0x00000000e0000000,0x00000000f5800000)
  from space 67584K, 99% used [0x00000000fbe00000,0x00000000ffffae08,0x0000000100000000)
  to   space 86016K, 0% used [0x00000000f5800000,0x00000000f5800000,0x00000000fac00000)
 ParOldGen       total 249344K, used 178985K [0x00000000a0000000, 0x00000000af380000, 0x00000000e0000000)
  object space 249344K, 71% used [0x00000000a0000000,0x00000000aaeca660,0x00000000af380000)
 Metaspace       used 97522K, capacity 102258K, committed 102696K, reserved 1138688K
  class space    used 12330K, capacity 13251K, committed 13352K, reserved 1048576K
}
Event: 5451.916 GC heap before
{Heap before GC invocations=63 (full 4):
 PSYoungGen      total 419840K, used 419819K [0x00000000e0000000, 0x0000000100000000, 0x0000000100000000)
  eden space 352256K, 100% used [0x00000000e0000000,0x00000000f5800000,0x00000000f5800000)
  from space 67584K, 99% used [0x00000000fbe00000,0x00000000ffffae08,0x0000000100000000)
  to   space 86016K, 0% used [0x00000000f5800000,0x00000000f5800000,0x00000000fac00000)
 ParOldGen       total 249344K, used 178985K [0x00000000a0000000, 0x00000000af380000, 0x00000000e0000000)
  object space 249344K, 71% used [0x00000000a0000000,0x00000000aaeca660,0x00000000af380000)
 Metaspace       used 98556K, capacity 103492K, committed 103592K, reserved 1138688K
  class space    used 12428K, capacity 13420K, committed 13480K, reserved 1048576K
Event: 5452.074 GC heap after
Heap after GC invocations=63 (full 4):
 PSYoungGen      total 438272K, used 85998K [0x00000000e0000000, 0x0000000100000000, 0x0000000100000000)
  eden space 352256K, 0% used [0x00000000e0000000,0x00000000e0000000,0x00000000f5800000)
  from space 86016K, 99% used [0x00000000f5800000,0x00000000fabfbbd8,0x00000000fac00000)
  to   space 86016K, 0% used [0x00000000fac00000,0x00000000fac00000,0x0000000100000000)
 ParOldGen       total 249344K, used 194964K [0x00000000a0000000, 0x00000000af380000, 0x00000000e0000000)
  object space 249344K, 78% used [0x00000000a0000000,0x00000000abe65310,0x00000000af380000)
 Metaspace       used 98556K, capacity 103492K, committed 103592K, reserved 1138688K
  class space    used 12428K, capacity 13420K, committed 13480K, reserved 1048576K
}
Event: 5853.198 GC heap before
{Heap before GC invocations=64 (full 4):
 PSYoungGen      total 438272K, used 438254K [0x00000000e0000000, 0x0000000100000000, 0x0000000100000000)
  eden space 352256K, 100% used [0x00000000e0000000,0x00000000f5800000,0x00000000f5800000)
  from space 86016K, 99% used [0x00000000f5800000,0x00000000fabfbbd8,0x00000000fac00000)
  to   space 86016K, 0% used [0x00000000fac00000,0x00000000fac00000,0x0000000100000000)
 ParOldGen       total 249344K, used 194964K [0x00000000a0000000, 0x00000000af380000, 0x00000000e0000000)
  object space 249344K, 78% used [0x00000000a0000000,0x00000000abe65310,0x00000000af380000)
 Metaspace       used 98901K, capacity 104052K, committed 104104K, reserved 1140736K
  class space    used 12450K, capacity 13460K, committed 13480K, reserved 1048576K

